[  699393ms] ReferenceError: avgPrice is not defined
    at AddToPortfolioModal (http://localhost:5173/src/components/AddToPortfolioModal.jsx?t=1771740929570:344:22)
    at Object.react_stack_bottom_frame (http://localhost:5173/node_modules/.vite/deps/react-dom_client.js?v=5edb9060:18507:20)
    at renderWithHooks (http://localhost:5173/node_modules/.vite/deps/react-dom_client.js?v=5edb9060:5652:24)
    at updateFunctionComponent (http://localhost:5173/node_modules/.vite/deps/react-dom_client.js?v=5edb9060:7473:21)
    at beginWork (http://localhost:5173/node_modules/.vite/deps/react-dom_client.js?v=5edb9060:8523:20)
    at runWithFiberInDEV (http://localhost:5173/node_modules/.vite/deps/react-dom_client.js?v=5edb9060:995:72)
    at performUnitOfWork (http://localhost:5173/node_modules/.vite/deps/react-dom_client.js?v=5edb9060:12559:98)
    at workLoopSync (http://localhost:5173/node_modules/.vite/deps/react-dom_client.js?v=5edb9060:12422:43)
    at renderRootSync (http://localhost:5173/node_modules/.vite/deps/react-dom_client.js?v=5edb9060:12406:13)
    at performWorkOnRoot (http://localhost:5173/node_modules/.vite/deps/react-dom_client.js?v=5edb9060:11825:37)
[  699393ms] [WARNING] %s

%s
 An error occurred in the <AddToPortfolioModal> component. Consider adding an error boundary to your tree to customize error handling behavior.
Visit https://react.dev/link/error-boundaries to learn more about error boundaries. @ http://localhost:5173/node_modules/.vite/deps/react-dom_client.js?v=5edb9060:6963
[  736432ms] [ERROR] [vite] SyntaxError: The requested module '/src/components/AddToPortfolioModal.jsx?t=1771740966644' does not provide an export named 'default' @ http://localhost:5173/@vite/client:808
[  736432ms] [ERROR] [vite] Failed to reload /src/pages/PortfolioPage.jsx. This could be due to syntax errors or importing non-existent modules. (see errors above) @ http://localhost:5173/@vite/client:808
[  755885ms] ReferenceError: avgPrice is not defined
    at AddToPortfolioModal (http://localhost:5173/src/components/AddToPortfolioModal.jsx?t=1771740985896:356:22)
    at Object.react_stack_bottom_frame (http://localhost:5173/node_modules/.vite/deps/react-dom_client.js?v=5edb9060:18507:20)
    at renderWithHooks (http://localhost:5173/node_modules/.vite/deps/react-dom_client.js?v=5edb9060:5652:24)
    at updateFunctionComponent (http://localhost:5173/node_modules/.vite/deps/react-dom_client.js?v=5edb9060:7473:21)
    at beginWork (http://localhost:5173/node_modules/.vite/deps/react-dom_client.js?v=5edb9060:8523:20)
    at runWithFiberInDEV (http://localhost:5173/node_modules/.vite/deps/react-dom_client.js?v=5edb9060:995:72)
    at performUnitOfWork (http://localhost:5173/node_modules/.vite/deps/react-dom_client.js?v=5edb9060:12559:98)
    at workLoopSync (http://localhost:5173/node_modules/.vite/deps/react-dom_client.js?v=5edb9060:12422:43)
    at renderRootSync (http://localhost:5173/node_modules/.vite/deps/react-dom_client.js?v=5edb9060:12406:13)
    at performWorkOnRoot (http://localhost:5173/node_modules/.vite/deps/react-dom_client.js?v=5edb9060:11825:37)
[  755885ms] [WARNING] %s

%s
 An error occurred in the <AddToPortfolioModal> component. Consider adding an error boundary to your tree to customize error handling behavior.
Visit https://react.dev/link/error-boundaries to learn more about error boundaries. @ http://localhost:5173/node_modules/.vite/deps/react-dom_client.js?v=5edb9060:6963
