[  578463ms] [ERROR] [vite] Failed to reload /src/pages/PortfolioPage.jsx. This could be due to syntax errors or importing non-existent modules. (see errors above) @ http://localhost:5173/@vite/client:808
[  578463ms] [ERROR] [vite] Failed to reload /src/App.jsx. This could be due to syntax errors or importing non-existent modules. (see errors above) @ http://localhost:5173/@vite/client:808
[  589702ms] [ERROR] [vite] Failed to reload /src/pages/PortfolioPage.jsx. This could be due to syntax errors or importing non-existent modules. (see errors above) @ http://localhost:5173/@vite/client:808
[  604353ms] [ERROR] [vite] Failed to reload /src/pages/PortfolioPage.jsx. This could be due to syntax errors or importing non-existent modules. (see errors above) @ http://localhost:5173/@vite/client:808
[  641532ms] [ERROR] [vite] Failed to reload /src/pages/PortfolioPage.jsx. This could be due to syntax errors or importing non-existent modules. (see errors above) @ http://localhost:5173/@vite/client:808
[  676402ms] TypeError: Cannot read properties of undefined (reading 'RU000A108Z93')
    at http://localhost:5173/src/components/CouponHistoryModal.jsx?t=1771742832025:17:43
    at Array.forEach (<anonymous>)
    at calculateCouponsByYearFromPositions (http://localhost:5173/src/components/CouponHistoryModal.jsx?t=1771742832025:11:75)
    at CouponHistoryModal (http://localhost:5173/src/components/CouponHistoryModal.jsx?t=1771742832025:50:35)
    at Object.react_stack_bottom_frame (http://localhost:5173/node_modules/.vite/deps/react-dom_client.js?v=5edb9060:18507:20)
    at renderWithHooks (http://localhost:5173/node_modules/.vite/deps/react-dom_client.js?v=5edb9060:5652:24)
    at updateFunctionComponent (http://localhost:5173/node_modules/.vite/deps/react-dom_client.js?v=5edb9060:7473:21)
    at beginWork (http://localhost:5173/node_modules/.vite/deps/react-dom_client.js?v=5edb9060:8523:20)
    at runWithFiberInDEV (http://localhost:5173/node_modules/.vite/deps/react-dom_client.js?v=5edb9060:995:72)
    at performUnitOfWork (http://localhost:5173/node_modules/.vite/deps/react-dom_client.js?v=5edb9060:12559:98)
[  676402ms] [WARNING] %s

%s
 An error occurred in the <CouponHistoryModal> component. Consider adding an error boundary to your tree to customize error handling behavior.
Visit https://react.dev/link/error-boundaries to learn more about error boundaries. @ http://localhost:5173/node_modules/.vite/deps/react-dom_client.js?v=5edb9060:6963
[  689991ms] [ERROR] [vite] Failed to reload /src/pages/PortfolioPage.jsx. This could be due to syntax errors or importing non-existent modules. (see errors above) @ http://localhost:5173/@vite/client:808
