[  536747ms] TypeError: Cannot read properties of undefined (reading 'filter')
    at calculateCouponsByYearFromPositions (http://localhost:5173/src/components/CouponHistoryModal.jsx?t=1771742102008:19:24)
    at CouponHistoryModal (http://localhost:5173/src/components/CouponHistoryModal.jsx?t=1771742102008:40:35)
    at Object.react_stack_bottom_frame (http://localhost:5173/node_modules/.vite/deps/react-dom_client.js?v=5edb9060:18507:20)
    at renderWithHooks (http://localhost:5173/node_modules/.vite/deps/react-dom_client.js?v=5edb9060:5652:24)
    at updateFunctionComponent (http://localhost:5173/node_modules/.vite/deps/react-dom_client.js?v=5edb9060:7473:21)
    at beginWork (http://localhost:5173/node_modules/.vite/deps/react-dom_client.js?v=5edb9060:8523:20)
    at runWithFiberInDEV (http://localhost:5173/node_modules/.vite/deps/react-dom_client.js?v=5edb9060:995:72)
    at performUnitOfWork (http://localhost:5173/node_modules/.vite/deps/react-dom_client.js?v=5edb9060:12559:98)
    at workLoopSync (http://localhost:5173/node_modules/.vite/deps/react-dom_client.js?v=5edb9060:12422:43)
    at renderRootSync (http://localhost:5173/node_modules/.vite/deps/react-dom_client.js?v=5edb9060:12406:13)
[  536747ms] [WARNING] %s

%s
 An error occurred in the <CouponHistoryModal> component. Consider adding an error boundary to your tree to customize error handling behavior.
Visit https://react.dev/link/error-boundaries to learn more about error boundaries. @ http://localhost:5173/node_modules/.vite/deps/react-dom_client.js?v=5edb9060:6963
[  565052ms] TypeError: Cannot read properties of undefined (reading 'filter')
    at calculateCouponsByYearFromPositions (http://localhost:5173/src/components/CouponHistoryModal.jsx?t=1771742130122:19:24)
    at CouponHistoryModal (http://localhost:5173/src/components/CouponHistoryModal.jsx?t=1771742130122:40:35)
    at Object.react_stack_bottom_frame (http://localhost:5173/node_modules/.vite/deps/react-dom_client.js?v=5edb9060:18507:20)
    at renderWithHooks (http://localhost:5173/node_modules/.vite/deps/react-dom_client.js?v=5edb9060:5652:24)
    at updateFunctionComponent (http://localhost:5173/node_modules/.vite/deps/react-dom_client.js?v=5edb9060:7473:21)
    at beginWork (http://localhost:5173/node_modules/.vite/deps/react-dom_client.js?v=5edb9060:8523:20)
    at runWithFiberInDEV (http://localhost:5173/node_modules/.vite/deps/react-dom_client.js?v=5edb9060:995:72)
    at performUnitOfWork (http://localhost:5173/node_modules/.vite/deps/react-dom_client.js?v=5edb9060:12559:98)
    at workLoopSync (http://localhost:5173/node_modules/.vite/deps/react-dom_client.js?v=5edb9060:12422:43)
    at renderRootSync (http://localhost:5173/node_modules/.vite/deps/react-dom_client.js?v=5edb9060:12406:13)
[  565053ms] [WARNING] %s

%s
 An error occurred in the <CouponHistoryModal> component. Consider adding an error boundary to your tree to customize error handling behavior.
Visit https://react.dev/link/error-boundaries to learn more about error boundaries. @ http://localhost:5173/node_modules/.vite/deps/react-dom_client.js?v=5edb9060:6963
